<?xml version="1.0" encoding="UTF-8" ?>
<testsuite tests="2" failures="0" name="com.duanmenghuan.service.impl.TestArticle" time="0.516" errors="0" skipped="0">
  <properties>
    <property name="idea.version" value="2018.3.4"/>
    <property name="java.runtime.name" value="Java(TM) SE Runtime Environment"/>
    <property name="sun.boot.library.path" value="G:\1706E\jdk1.8.0\jre\bin"/>
    <property name="java.vm.version" value="25.131-b11"/>
    <property name="java.vm.vendor" value="Oracle Corporation"/>
    <property name="maven.multiModuleProjectDirectory" value="D:\Eclipse-Workspace\Eclipse-1706E\duanmenghuan-cms"/>
    <property name="java.vendor.url" value="http://java.oracle.com/"/>
    <property name="path.separator" value=";"/>
    <property name="guice.disable.misplaced.annotation.check" value="true"/>
    <property name="java.vm.name" value="Java HotSpot(TM) 64-Bit Server VM"/>
    <property name="file.encoding.pkg" value="sun.io"/>
    <property name="user.script" value=""/>
    <property name="user.country" value="CN"/>
    <property name="sun.java.launcher" value="SUN_STANDARD"/>
    <property name="sun.os.patch.level" value=""/>
    <property name="java.vm.specification.name" value="Java Virtual Machine Specification"/>
    <property name="user.dir" value="D:\Eclipse-Workspace\Eclipse-1706E\duanmenghuan-cms"/>
    <property name="java.runtime.version" value="1.8.0_131-b11"/>
    <property name="java.awt.graphicsenv" value="sun.awt.Win32GraphicsEnvironment"/>
    <property name="java.endorsed.dirs" value="G:\1706E\jdk1.8.0\jre\lib\endorsed"/>
    <property name="os.arch" value="amd64"/>
    <property name="java.io.tmpdir" value="C:\Users\lt\AppData\Local\Temp\"/>
    <property name="line.separator" value="
"/>
    <property name="java.vm.specification.vendor" value="Oracle Corporation"/>
    <property name="user.variant" value=""/>
    <property name="os.name" value="Windows 10"/>
    <property name="classworlds.conf" value="E:\program\apache-maven-3.3.9\bin\m2.conf"/>
    <property name="sun.jnu.encoding" value="GBK"/>
    <property name="java.library.path" value="G:\1706E\jdk1.8.0\bin;C:\Windows\Sun\Java\bin;C:\Windows\system32;C:\Windows;E:\program\apache-maven-3.3.9\bin;G:\1706E\jdk1.8.0\bin;%M2_HOME\bin%;D:\git1111\Git\cmd;C:\Users\lt\AppData\Local\Microsoft\WindowsApps;G:\Nmap;."/>
    <property name="java.specification.name" value="Java Platform API Specification"/>
    <property name="java.class.version" value="52.0"/>
    <property name="sun.management.compiler" value="HotSpot 64-Bit Tiered Compilers"/>
    <property name="os.version" value="10.0"/>
    <property name="user.home" value="C:\Users\lt"/>
    <property name="user.timezone" value="Asia/Shanghai"/>
    <property name="java.awt.printerjob" value="sun.awt.windows.WPrinterJob"/>
    <property name="java.specification.version" value="1.8"/>
    <property name="file.encoding" value="UTF-8"/>
    <property name="user.name" value="lt"/>
    <property name="java.class.path" value="E:\program\apache-maven-3.3.9\boot\plexus-classworlds-2.5.2.jar;G:\IntelliJ IDEA 2018.3.4\lib\idea_rt.jar"/>
    <property name="java.vm.specification.version" value="1.8"/>
    <property name="sun.arch.data.model" value="64"/>
    <property name="java.home" value="G:\1706E\jdk1.8.0\jre"/>
    <property name="sun.java.command" value="org.codehaus.classworlds.Launcher -Didea.version=2018.3.4 install"/>
    <property name="java.specification.vendor" value="Oracle Corporation"/>
    <property name="user.language" value="zh"/>
    <property name="awt.toolkit" value="sun.awt.windows.WToolkit"/>
    <property name="java.vm.info" value="mixed mode"/>
    <property name="java.version" value="1.8.0_131"/>
    <property name="java.ext.dirs" value="G:\1706E\jdk1.8.0\jre\lib\ext;C:\Windows\Sun\Java\lib\ext"/>
    <property name="sun.boot.class.path" value="G:\1706E\jdk1.8.0\jre\lib\resources.jar;G:\1706E\jdk1.8.0\jre\lib\rt.jar;G:\1706E\jdk1.8.0\jre\lib\sunrsasign.jar;G:\1706E\jdk1.8.0\jre\lib\jsse.jar;G:\1706E\jdk1.8.0\jre\lib\jce.jar;G:\1706E\jdk1.8.0\jre\lib\charsets.jar;G:\1706E\jdk1.8.0\jre\lib\jfr.jar;G:\1706E\jdk1.8.0\jre\classes"/>
    <property name="java.vendor" value="Oracle Corporation"/>
    <property name="maven.home" value="E:\program\apache-maven-3.3.9"/>
    <property name="file.separator" value="\"/>
    <property name="java.vendor.url.bug" value="http://bugreport.sun.com/bugreport/"/>
    <property name="sun.cpu.endian" value="little"/>
    <property name="sun.io.unicode.encoding" value="UnicodeLittle"/>
    <property name="sun.desktop" value="windows"/>
    <property name="sun.cpu.isalist" value="amd64"/>
  </properties>
  <testcase classname="com.duanmenghuan.service.impl.TestArticle" name="testGetAarticle" time="0.385"/>
  <testcase classname="com.duanmenghuan.service.impl.TestArticle" name="testList" time="0.131"/>
</testsuite>